2025-02-19T17:14:13.589235Z 0 [System] [MY-015015] [Server] MySQL Server - start.
2025-02-19T17:14:13.735070Z 0 [System] [MY-010116] [Server] C:\Users\marta\AppData\Local\com.tinyapp.DBngin\Binaries\mysql\8.4.2\bin\mysqld.exe (mysqld 8.4.2) starting as process 12296
2025-02-19T17:14:13.757303Z 1 [System] [MY-013576] [InnoDB] InnoDB initialization has started.
2025-02-19T17:14:13.998852Z 1 [System] [MY-013577] [InnoDB] InnoDB initialization has ended.
2025-02-19T17:14:14.330590Z 0 [Warning] [MY-010068] [Server] CA certificate ca.pem is self signed.
2025-02-19T17:14:14.331526Z 0 [System] [MY-013602] [Server] Channel mysql_main configured to support TLS. Encrypted connections are now supported for this channel.
2025-02-19T17:14:14.376156Z 0 [System] [MY-011323] [Server] X Plugin ready for connections. Bind-address: '::' port: 33060
2025-02-19T17:14:14.376277Z 0 [System] [MY-010931] [Server] C:\Users\marta\AppData\Local\com.tinyapp.DBngin\Binaries\mysql\8.4.2\bin\mysqld.exe: ready for connections. Version: '8.4.2'  socket: ''  port: 3307  MySQL Community Server - GPL.
2025-02-19T17:18:22.627933Z 10 [System] [MY-013172] [Server] Received SHUTDOWN from user root. Shutting down mysqld (Version: 8.4.2).
2025-02-19T17:18:22.628751Z 0 [System] [MY-013105] [Server] C:\Users\marta\AppData\Local\com.tinyapp.DBngin\Binaries\mysql\8.4.2\bin\mysqld.exe: Normal shutdown.
2025-02-19T17:18:23.318303Z 0 [System] [MY-010910] [Server] C:\Users\marta\AppData\Local\com.tinyapp.DBngin\Binaries\mysql\8.4.2\bin\mysqld.exe: Shutdown complete (mysqld 8.4.2)  MySQL Community Server - GPL.
2025-02-19T17:18:23.319104Z 0 [System] [MY-015016] [Server] MySQL Server - end.
2025-02-19T17:20:12.543605Z 0 [System] [MY-015015] [Server] MySQL Server - start.
2025-02-19T17:20:12.679528Z 0 [System] [MY-010116] [Server] C:\Users\marta\AppData\Local\com.tinyapp.DBngin\Binaries\mysql\8.4.2\bin\mysqld.exe (mysqld 8.4.2) starting as process 14312
2025-02-19T17:20:12.699522Z 1 [System] [MY-013576] [InnoDB] InnoDB initialization has started.
2025-02-19T17:20:12.937403Z 1 [System] [MY-013577] [InnoDB] InnoDB initialization has ended.
2025-02-19T17:20:13.209387Z 0 [Warning] [MY-010068] [Server] CA certificate ca.pem is self signed.
2025-02-19T17:20:13.209826Z 0 [System] [MY-013602] [Server] Channel mysql_main configured to support TLS. Encrypted connections are now supported for this channel.
2025-02-19T17:20:13.250959Z 0 [System] [MY-011323] [Server] X Plugin ready for connections. Bind-address: '::' port: 33060
2025-02-19T17:20:13.251189Z 0 [System] [MY-010931] [Server] C:\Users\marta\AppData\Local\com.tinyapp.DBngin\Binaries\mysql\8.4.2\bin\mysqld.exe: ready for connections. Version: '8.4.2'  socket: ''  port: 3307  MySQL Community Server - GPL.
2025-02-20T08:30:46.257570Z 0 [System] [MY-015015] [Server] MySQL Server - start.
2025-02-20T08:30:46.369137Z 0 [System] [MY-010116] [Server] C:\Users\marta\AppData\Local\com.tinyapp.DBngin\Binaries\mysql\8.4.2\bin\mysqld.exe (mysqld 8.4.2) starting as process 10036
2025-02-20T08:30:46.450373Z 1 [System] [MY-013576] [InnoDB] InnoDB initialization has started.
2025-02-20T08:30:47.160464Z 1 [System] [MY-013577] [InnoDB] InnoDB initialization has ended.
2025-02-20T08:30:47.544892Z 0 [Warning] [MY-010068] [Server] CA certificate ca.pem is self signed.
2025-02-20T08:30:47.545443Z 0 [System] [MY-013602] [Server] Channel mysql_main configured to support TLS. Encrypted connections are now supported for this channel.
2025-02-20T08:30:47.592510Z 0 [System] [MY-011323] [Server] X Plugin ready for connections. Bind-address: '::' port: 33060
2025-02-20T08:30:47.592657Z 0 [System] [MY-010931] [Server] C:\Users\marta\AppData\Local\com.tinyapp.DBngin\Binaries\mysql\8.4.2\bin\mysqld.exe: ready for connections. Version: '8.4.2'  socket: ''  port: 3307  MySQL Community Server - GPL.
2025-02-20T12:38:32.484480Z 205 [System] [MY-013172] [Server] Received SHUTDOWN from user root. Shutting down mysqld (Version: 8.4.2).
2025-02-20T12:38:32.485293Z 0 [System] [MY-013105] [Server] C:\Users\marta\AppData\Local\com.tinyapp.DBngin\Binaries\mysql\8.4.2\bin\mysqld.exe: Normal shutdown.
2025-02-20T12:38:32.623355Z 0 [System] [MY-015015] [Server] MySQL Server - start.
2025-02-20T12:38:32.909926Z 0 [System] [MY-010116] [Server] C:\Users\marta\AppData\Local\com.tinyapp.DBngin\Binaries\mysql\8.4.2\bin\mysqld.exe (mysqld 8.4.2) starting as process 4464
2025-02-20T12:38:32.948805Z 1 [System] [MY-013576] [InnoDB] InnoDB initialization has started.
2025-02-20T12:38:32.949821Z 1 [ERROR] [MY-012271] [InnoDB] The innodb_system data file 'ibdata1' must be writable
2025-02-20T12:38:32.950267Z 1 [ERROR] [MY-012278] [InnoDB] The innodb_system data file 'ibdata1' must be writable
2025-02-20T12:38:32.950750Z 1 [ERROR] [MY-010334] [Server] Failed to initialize DD Storage Engine
2025-02-20T12:38:32.951435Z 0 [ERROR] [MY-010020] [Server] Data Dictionary initialization failed.
2025-02-20T12:38:32.951818Z 0 [ERROR] [MY-010119] [Server] Aborting
2025-02-20T12:38:32.953324Z 0 [System] [MY-010910] [Server] C:\Users\marta\AppData\Local\com.tinyapp.DBngin\Binaries\mysql\8.4.2\bin\mysqld.exe: Shutdown complete (mysqld 8.4.2)  MySQL Community Server - GPL.
2025-02-20T12:38:32.954260Z 0 [System] [MY-015016] [Server] MySQL Server - end.
2025-02-20T12:38:33.073237Z 0 [System] [MY-010910] [Server] C:\Users\marta\AppData\Local\com.tinyapp.DBngin\Binaries\mysql\8.4.2\bin\mysqld.exe: Shutdown complete (mysqld 8.4.2)  MySQL Community Server - GPL.
2025-02-20T12:38:33.074163Z 0 [System] [MY-015016] [Server] MySQL Server - end.
2025-02-20T12:39:26.668395Z 0 [System] [MY-015015] [Server] MySQL Server - start.
2025-02-20T12:39:26.858981Z 0 [System] [MY-010116] [Server] C:\Users\marta\AppData\Local\com.tinyapp.DBngin\Binaries\mysql\8.4.2\bin\mysqld.exe (mysqld 8.4.2) starting as process 17452
2025-02-20T12:39:26.883947Z 1 [System] [MY-013576] [InnoDB] InnoDB initialization has started.
2025-02-20T12:39:27.195217Z 1 [System] [MY-013577] [InnoDB] InnoDB initialization has ended.
2025-02-20T12:39:27.497097Z 0 [Warning] [MY-010068] [Server] CA certificate ca.pem is self signed.
2025-02-20T12:39:27.497551Z 0 [System] [MY-013602] [Server] Channel mysql_main configured to support TLS. Encrypted connections are now supported for this channel.
2025-02-20T12:39:27.596559Z 0 [System] [MY-011323] [Server] X Plugin ready for connections. Bind-address: '::' port: 33060
2025-02-20T12:39:27.596820Z 0 [System] [MY-010931] [Server] C:\Users\marta\AppData\Local\com.tinyapp.DBngin\Binaries\mysql\8.4.2\bin\mysqld.exe: ready for connections. Version: '8.4.2'  socket: ''  port: 3307  MySQL Community Server - GPL.
2025-02-20T13:05:39.896761Z 21 [System] [MY-013172] [Server] Received SHUTDOWN from user root. Shutting down mysqld (Version: 8.4.2).
2025-02-20T13:05:39.897668Z 0 [System] [MY-013105] [Server] C:\Users\marta\AppData\Local\com.tinyapp.DBngin\Binaries\mysql\8.4.2\bin\mysqld.exe: Normal shutdown.
2025-02-20T13:05:41.906183Z 0 [Warning] [MY-010909] [Server] C:\Users\marta\AppData\Local\com.tinyapp.DBngin\Binaries\mysql\8.4.2\bin\mysqld.exe: Forcing close of thread 19  user: 'root'.
2025-02-20T13:05:41.907111Z 0 [Warning] [MY-010909] [Server] C:\Users\marta\AppData\Local\com.tinyapp.DBngin\Binaries\mysql\8.4.2\bin\mysqld.exe: Forcing close of thread 20  user: 'root'.
2025-02-20T13:05:41.798597Z 0 [System] [MY-015015] [Server] MySQL Server - start.
2025-02-20T13:05:41.988423Z 0 [System] [MY-010116] [Server] C:\Users\marta\AppData\Local\com.tinyapp.DBngin\Binaries\mysql\8.4.2\bin\mysqld.exe (mysqld 8.4.2) starting as process 14592
2025-02-20T13:05:42.026786Z 1 [System] [MY-013576] [InnoDB] InnoDB initialization has started.
2025-02-20T13:05:42.028177Z 1 [ERROR] [MY-012271] [InnoDB] The innodb_system data file 'ibdata1' must be writable
2025-02-20T13:05:42.028831Z 1 [ERROR] [MY-012278] [InnoDB] The innodb_system data file 'ibdata1' must be writable
2025-02-20T13:05:42.029426Z 1 [ERROR] [MY-010334] [Server] Failed to initialize DD Storage Engine
2025-02-20T13:05:42.030285Z 0 [ERROR] [MY-010020] [Server] Data Dictionary initialization failed.
2025-02-20T13:05:42.030698Z 0 [ERROR] [MY-010119] [Server] Aborting
2025-02-20T13:05:42.032653Z 0 [System] [MY-010910] [Server] C:\Users\marta\AppData\Local\com.tinyapp.DBngin\Binaries\mysql\8.4.2\bin\mysqld.exe: Shutdown complete (mysqld 8.4.2)  MySQL Community Server - GPL.
2025-02-20T13:05:42.033964Z 0 [System] [MY-015016] [Server] MySQL Server - end.
2025-02-20T13:05:42.467162Z 0 [System] [MY-010910] [Server] C:\Users\marta\AppData\Local\com.tinyapp.DBngin\Binaries\mysql\8.4.2\bin\mysqld.exe: Shutdown complete (mysqld 8.4.2)  MySQL Community Server - GPL.
2025-02-20T13:05:42.467964Z 0 [System] [MY-015016] [Server] MySQL Server - end.
2025-02-20T13:07:27.698790Z 0 [System] [MY-015015] [Server] MySQL Server - start.
2025-02-20T13:07:27.859742Z 0 [System] [MY-010116] [Server] C:\Users\marta\AppData\Local\com.tinyapp.DBngin\Binaries\mysql\8.4.2\bin\mysqld.exe (mysqld 8.4.2) starting as process 10740
2025-02-20T13:07:27.879533Z 1 [System] [MY-013576] [InnoDB] InnoDB initialization has started.
